# JRE version: OpenJDK Runtime Environment (8.0_242-b01) (build 1.8.0_242-release-1644-b01)
# Java VM: OpenJDK 64-Bit Server VM (25.242-b01 mixed mode windows-amd64 compressed oops)
Heap:
 PSYoungGen      total 189952K, used 97016K [0x00000000d5580000, 0x00000000e3280000, 0x0000000100000000)
  eden space 164864K, 46% used [0x00000000d5580000,0x00000000da11c340,0x00000000df680000)
  from space 25088K, 78% used [0x00000000e1a00000,0x00000000e2d220b8,0x00000000e3280000)
  to   space 17408K, 0% used [0x00000000df680000,0x00000000df680000,0x00000000e0780000)
 ParOldGen       total 93184K, used 60610K [0x0000000080000000, 0x0000000085b00000, 0x00000000d5580000)
  object space 93184K, 65% used [0x0000000080000000,0x0000000083b30b60,0x0000000085b00000)
 Metaspace       used 72383K, capacity 75634K, committed 76056K, reserved 1116160K
  class space    used 9651K, capacity 10231K, committed 10288K, reserved 1048576K
GC Heap History (10 events):
Event: 39.286 GC heap before
{Heap before GC invocations=20 (full 3):
 PSYoungGen      total 172032K, used 171524K [0x00000000d5580000, 0x00000000e1880000, 0x0000000100000000)
  eden space 158208K, 100% used [0x00000000d5580000,0x00000000df000000,0x00000000df000000)
  from space 13824K, 96% used [0x00000000e0b00000,0x00000000e1801220,0x00000000e1880000)
  to   space 17408K, 0% used [0x00000000df680000,0x00000000df680000,0x00000000e0780000)
 ParOldGen       total 93184K, used 33922K [0x0000000080000000, 0x0000000085b00000, 0x00000000d5580000)
  object space 93184K, 36% used [0x0000000080000000,0x0000000082120958,0x0000000085b00000)
 Metaspace       used 68727K, capacity 71786K, committed 71960K, reserved 1112064K
  class space    used 9393K, capacity 9990K, committed 10032K, reserved 1048576K
Event: 39.353 GC heap after
Heap after GC invocations=20 (full 3):
 PSYoungGen      total 182272K, used 17386K [0x00000000d5580000, 0x00000000e3280000, 0x0000000100000000)
  eden space 164864K, 0% used [0x00000000d5580000,0x00000000d5580000,0x00000000df680000)
  from space 17408K, 99% used [0x00000000df680000,0x00000000e077a8b0,0x00000000e0780000)
  to   space 25088K, 0% used [0x00000000e1a00000,0x00000000e1a00000,0x00000000e3280000)
 ParOldGen       total 93184K, used 46709K [0x0000000080000000, 0x0000000085b00000, 0x00000000d5580000)
  object space 93184K, 50% used [0x0000000080000000,0x0000000082d9d4c0,0x0000000085b00000)
 Metaspace       used 68727K, capacity 71786K, committed 71960K, reserved 1112064K
  class space    used 9393K, capacity 9990K, committed 10032K, reserved 1048576K
}
Event: 47.185 GC heap before
{Heap before GC invocations=21 (full 3):
 PSYoungGen      total 182272K, used 182250K [0x00000000d5580000, 0x00000000e3280000, 0x0000000100000000)
  eden space 164864K, 100% used [0x00000000d5580000,0x00000000df680000,0x00000000df680000)
  from space 17408K, 99% used [0x00000000df680000,0x00000000e077a8b0,0x00000000e0780000)
  to   space 25088K, 0% used [0x00000000e1a00000,0x00000000e1a00000,0x00000000e3280000)
 ParOldGen       total 93184K, used 46709K [0x0000000080000000, 0x0000000085b00000, 0x00000000d5580000)
  object space 93184K, 50% used [0x0000000080000000,0x0000000082d9d4c0,0x0000000085b00000)
 Metaspace       used 71410K, capacity 74638K, committed 74776K, reserved 1114112K
  class space    used 9559K, capacity 10193K, committed 10288K, reserved 1048576K
Event: 47.290 GC heap after
Heap after GC invocations=21 (full 3):
 PSYoungGen      total 189952K, used 25068K [0x00000000d5580000, 0x00000000e3280000, 0x0000000100000000)
  eden space 164864K, 0% used [0x00000000d5580000,0x00000000d5580000,0x00000000df680000)
  from space 25088K, 99% used [0x00000000e1a00000,0x00000000e327b2a0,0x00000000e3280000)
  to   space 17408K, 0% used [0x00000000df680000,0x00000000df680000,0x00000000e0780000)
 ParOldGen       total 93184K, used 64279K [0x0000000080000000, 0x0000000085b00000, 0x00000000d5580000)
  object space 93184K, 68% used [0x0000000080000000,0x0000000083ec5d48,0x0000000085b00000)
 Metaspace       used 71410K, capacity 74638K, committed 74776K, reserved 1114112K
  class space    used 9559K, capacity 10193K, committed 10288K, reserved 1048576K
}
Event: 53.696 GC heap before
{Heap before GC invocations=22 (full 3):
 PSYoungGen      total 189952K, used 189932K [0x00000000d5580000, 0x00000000e3280000, 0x0000000100000000)
  eden space 164864K, 100% used [0x00000000d5580000,0x00000000df680000,0x00000000df680000)
  from space 25088K, 99% used [0x00000000e1a00000,0x00000000e327b2a0,0x00000000e3280000)
  to   space 17408K, 0% used [0x00000000df680000,0x00000000df680000,0x00000000e0780000)
 ParOldGen       total 93184K, used 64279K [0x0000000080000000, 0x0000000085b00000, 0x00000000d5580000)
  object space 93184K, 68% used [0x0000000080000000,0x0000000083ec5d48,0x0000000085b00000)
 Metaspace       used 72123K, capacity 75498K, committed 75544K, reserved 1114112K
  class space    used 9643K, capacity 10273K, committed 10288K, reserved 1048576K
Event: 53.874 GC heap after
Heap after GC invocations=22 (full 3):
 PSYoungGen      total 182272K, used 14178K [0x00000000d5580000, 0x00000000e3280000, 0x0000000100000000)
  eden space 164864K, 0% used [0x00000000d5580000,0x00000000d5580000,0x00000000df680000)
  from space 17408K, 81% used [0x00000000df680000,0x00000000e0458988,0x00000000e0780000)
  to   space 25088K, 0% used [0x00000000e1a00000,0x00000000e1a00000,0x00000000e3280000)
 ParOldGen       total 93184K, used 87683K [0x0000000080000000, 0x0000000085b00000, 0x00000000d5580000)
  object space 93184K, 94% used [0x0000000080000000,0x00000000855a0d80,0x0000000085b00000)
 Metaspace       used 72123K, capacity 75498K, committed 75544K, reserved 1114112K
  class space    used 9643K, capacity 10273K, committed 10288K, reserved 1048576K
}
Event: 53.875 GC heap before
{Heap before GC invocations=23 (full 4):
 PSYoungGen      total 182272K, used 14178K [0x00000000d5580000, 0x00000000e3280000, 0x0000000100000000)
  eden space 164864K, 0% used [0x00000000d5580000,0x00000000d5580000,0x00000000df680000)
  from space 17408K, 81% used [0x00000000df680000,0x00000000e0458988,0x00000000e0780000)
  to   space 25088K, 0% used [0x00000000e1a00000,0x00000000e1a00000,0x00000000e3280000)
 ParOldGen       total 93184K, used 87683K [0x0000000080000000, 0x0000000085b00000, 0x00000000d5580000)
  object space 93184K, 94% used [0x0000000080000000,0x00000000855a0d80,0x0000000085b00000)
 Metaspace       used 72123K, capacity 75498K, committed 75544K, reserved 1114112K
  class space    used 9643K, capacity 10273K, committed 10288K, reserved 1048576K
Event: 57.315 GC heap after
Heap after GC invocations=23 (full 4):
 PSYoungGen      total 182272K, used 0K [0x00000000d5580000, 0x00000000e3280000, 0x0000000100000000)
  eden space 164864K, 0% used [0x00000000d5580000,0x00000000d5580000,0x00000000df680000)
  from space 17408K, 0% used [0x00000000df680000,0x00000000df680000,0x00000000e0780000)
  to   space 25088K, 0% used [0x00000000e1a00000,0x00000000e1a00000,0x00000000e3280000)
 ParOldGen       total 93184K, used 60602K [0x0000000080000000, 0x0000000085b00000, 0x00000000d5580000)
  object space 93184K, 65% used [0x0000000080000000,0x0000000083b2eb60,0x0000000085b00000)
 Metaspace       used 71793K, capacity 74956K, committed 75544K, reserved 1114112K
  class space    used 9596K, capacity 10188K, committed 10288K, reserved 1048576K
}
Event: 60.404 GC heap before
{Heap before GC invocations=24 (full 4):
 PSYoungGen      total 182272K, used 164864K [0x00000000d5580000, 0x00000000e3280000, 0x0000000100000000)
  eden space 164864K, 100% used [0x00000000d5580000,0x00000000df680000,0x00000000df680000)
  from space 17408K, 0% used [0x00000000df680000,0x00000000df680000,0x00000000e0780000)
  to   space 25088K, 0% used [0x00000000e1a00000,0x00000000e1a00000,0x00000000e3280000)
 ParOldGen       total 93184K, used 60602K [0x0000000080000000, 0x0000000085b00000, 0x00000000d5580000)
  object space 93184K, 65% used [0x0000000080000000,0x0000000083b2eb60,0x0000000085b00000)
 Metaspace       used 72382K, capacity 75634K, committed 76056K, reserved 1116160K
  class space    used 9651K, capacity 10231K, committed 10288K, reserved 1048576K
Event: 60.471 GC heap after
Heap after GC invocations=24 (full 4):
 PSYoungGen      total 189952K, used 19592K [0x00000000d5580000, 0x00000000e3280000, 0x0000000100000000)
  eden space 164864K, 0% used [0x00000000d5580000,0x00000000d5580000,0x00000000df680000)
  from space 25088K, 78% used [0x00000000e1a00000,0x00000000e2d220b8,0x00000000e3280000)
  to   space 17408K, 0% used [0x00000000df680000,0x00000000df680000,0x00000000e0780000)
 ParOldGen       total 93184K, used 60610K [0x0000000080000000, 0x0000000085b00000, 0x00000000d5580000)
  object space 93184K, 65% used [0x0000000080000000,0x0000000083b30b60,0x0000000085b00000)
 Metaspace       used 72382K, capacity 75634K, committed 76056K, reserved 1116160K
  class space    used 9651K, capacity 10231K, committed 10288K, reserved 1048576K
}

