# JRE version: OpenJDK Runtime Environment (8.0_242-b01) (build 1.8.0_242-release-1644-b01)
# Java VM: OpenJDK 64-Bit Server VM (25.242-b01 mixed mode windows-amd64 compressed oops)
Heap:
 PSYoungGen      total 297472K, used 55855K [0x00000000d5580000, 0x00000000ef000000, 0x0000000100000000)
  eden space 265728K, 9% used [0x00000000d5580000,0x00000000d6d13bb0,0x00000000e5900000)
  from space 31744K, 99% used [0x00000000e8c00000,0x00000000eaaf80e0,0x00000000eab00000)
  to   space 52224K, 0% used [0x00000000e5900000,0x00000000e5900000,0x00000000e8c00000)
 ParOldGen       total 178176K, used 115861K [0x0000000080000000, 0x000000008ae00000, 0x00000000d5580000)
  object space 178176K, 65% used [0x0000000080000000,0x0000000087125500,0x000000008ae00000)
 Metaspace       used 77432K, capacity 81690K, committed 82472K, reserved 1120256K
  class space    used 10496K, capacity 11254K, committed 11568K, reserved 1048576K
GC Heap History (10 events):
Event: 56.846 GC heap before
{Heap before GC invocations=40 (full 6):
 PSYoungGen      total 317952K, used 281088K [0x00000000d5580000, 0x00000000eb700000, 0x0000000100000000)
  eden space 281088K, 100% used [0x00000000d5580000,0x00000000e6800000,0x00000000e6800000)
  from space 36864K, 0% used [0x00000000e6800000,0x00000000e6800000,0x00000000e8c00000)
  to   space 31744K, 0% used [0x00000000e8c00000,0x00000000e8c00000,0x00000000eab00000)
 ParOldGen       total 178176K, used 113368K [0x0000000080000000, 0x000000008ae00000, 0x00000000d5580000)
  object space 178176K, 63% used [0x0000000080000000,0x0000000086eb61f8,0x000000008ae00000)
 Metaspace       used 77373K, capacity 81616K, committed 82216K, reserved 1120256K
  class space    used 10496K, capacity 11253K, committed 11568K, reserved 1048576K
Event: 56.883 GC heap after
Heap after GC invocations=40 (full 6):
 PSYoungGen      total 312832K, used 14173K [0x00000000d5580000, 0x00000000eb700000, 0x0000000100000000)
  eden space 281088K, 0% used [0x00000000d5580000,0x00000000d5580000,0x00000000e6800000)
  from space 31744K, 44% used [0x00000000e8c00000,0x00000000e99d7518,0x00000000eab00000)
  to   space 36864K, 0% used [0x00000000e6800000,0x00000000e6800000,0x00000000e8c00000)
 ParOldGen       total 178176K, used 113368K [0x0000000080000000, 0x000000008ae00000, 0x00000000d5580000)
  object space 178176K, 63% used [0x0000000080000000,0x0000000086eb61f8,0x000000008ae00000)
 Metaspace       used 77373K, capacity 81616K, committed 82216K, reserved 1120256K
  class space    used 10496K, capacity 11253K, committed 11568K, reserved 1048576K
}
Event: 58.242 GC heap before
{Heap before GC invocations=41 (full 6):
 PSYoungGen      total 312832K, used 295261K [0x00000000d5580000, 0x00000000eb700000, 0x0000000100000000)
  eden space 281088K, 100% used [0x00000000d5580000,0x00000000e6800000,0x00000000e6800000)
  from space 31744K, 44% used [0x00000000e8c00000,0x00000000e99d7518,0x00000000eab00000)
  to   space 36864K, 0% used [0x00000000e6800000,0x00000000e6800000,0x00000000e8c00000)
 ParOldGen       total 178176K, used 113368K [0x0000000080000000, 0x000000008ae00000, 0x00000000d5580000)
  object space 178176K, 63% used [0x0000000080000000,0x0000000086eb61f8,0x000000008ae00000)
 Metaspace       used 77381K, capacity 81616K, committed 82216K, reserved 1120256K
  class space    used 10496K, capacity 11253K, committed 11568K, reserved 1048576K
Event: 58.285 GC heap after
Heap after GC invocations=41 (full 6):
 PSYoungGen      total 317952K, used 15157K [0x00000000d5580000, 0x00000000eb700000, 0x0000000100000000)
  eden space 281088K, 0% used [0x00000000d5580000,0x00000000d5580000,0x00000000e6800000)
  from space 36864K, 41% used [0x00000000e6800000,0x00000000e76cd6a0,0x00000000e8c00000)
  to   space 31744K, 0% used [0x00000000e8c00000,0x00000000e8c00000,0x00000000eab00000)
 ParOldGen       total 178176K, used 113368K [0x0000000080000000, 0x000000008ae00000, 0x00000000d5580000)
  object space 178176K, 63% used [0x0000000080000000,0x0000000086eb61f8,0x000000008ae00000)
 Metaspace       used 77381K, capacity 81616K, committed 82216K, reserved 1120256K
  class space    used 10496K, capacity 11253K, committed 11568K, reserved 1048576K
}
Event: 59.313 GC heap before
{Heap before GC invocations=42 (full 6):
 PSYoungGen      total 317952K, used 296245K [0x00000000d5580000, 0x00000000eb700000, 0x0000000100000000)
  eden space 281088K, 100% used [0x00000000d5580000,0x00000000e6800000,0x00000000e6800000)
  from space 36864K, 41% used [0x00000000e6800000,0x00000000e76cd6a0,0x00000000e8c00000)
  to   space 31744K, 0% used [0x00000000e8c00000,0x00000000e8c00000,0x00000000eab00000)
 ParOldGen       total 178176K, used 113368K [0x0000000080000000, 0x000000008ae00000, 0x00000000d5580000)
  object space 178176K, 63% used [0x0000000080000000,0x0000000086eb61f8,0x000000008ae00000)
 Metaspace       used 77392K, capacity 81680K, committed 82472K, reserved 1120256K
  class space    used 10496K, capacity 11253K, committed 11568K, reserved 1048576K
Event: 59.358 GC heap after
Heap after GC invocations=42 (full 6):
 PSYoungGen      total 312832K, used 24515K [0x00000000d5580000, 0x00000000eb700000, 0x0000000100000000)
  eden space 281088K, 0% used [0x00000000d5580000,0x00000000d5580000,0x00000000e6800000)
  from space 31744K, 77% used [0x00000000e8c00000,0x00000000ea3f0eb0,0x00000000eab00000)
  to   space 36864K, 0% used [0x00000000e6800000,0x00000000e6800000,0x00000000e8c00000)
 ParOldGen       total 178176K, used 113376K [0x0000000080000000, 0x000000008ae00000, 0x00000000d5580000)
  object space 178176K, 63% used [0x0000000080000000,0x0000000086eb81f8,0x000000008ae00000)
 Metaspace       used 77392K, capacity 81680K, committed 82472K, reserved 1120256K
  class space    used 10496K, capacity 11253K, committed 11568K, reserved 1048576K
}
Event: 60.301 GC heap before
{Heap before GC invocations=43 (full 6):
 PSYoungGen      total 312832K, used 305603K [0x00000000d5580000, 0x00000000eb700000, 0x0000000100000000)
  eden space 281088K, 100% used [0x00000000d5580000,0x00000000e6800000,0x00000000e6800000)
  from space 31744K, 77% used [0x00000000e8c00000,0x00000000ea3f0eb0,0x00000000eab00000)
  to   space 36864K, 0% used [0x00000000e6800000,0x00000000e6800000,0x00000000e8c00000)
 ParOldGen       total 178176K, used 113376K [0x0000000080000000, 0x000000008ae00000, 0x00000000d5580000)
  object space 178176K, 63% used [0x0000000080000000,0x0000000086eb81f8,0x000000008ae00000)
 Metaspace       used 77402K, capacity 81684K, committed 82472K, reserved 1120256K
  class space    used 10496K, capacity 11253K, committed 11568K, reserved 1048576K
Event: 60.375 GC heap after
Heap after GC invocations=43 (full 6):
 PSYoungGen      total 317952K, used 31394K [0x00000000d5580000, 0x00000000eb700000, 0x0000000100000000)
  eden space 281088K, 0% used [0x00000000d5580000,0x00000000d5580000,0x00000000e6800000)
  from space 36864K, 85% used [0x00000000e6800000,0x00000000e86a8960,0x00000000e8c00000)
  to   space 31744K, 0% used [0x00000000e8c00000,0x00000000e8c00000,0x00000000eab00000)
 ParOldGen       total 178176K, used 113376K [0x0000000080000000, 0x000000008ae00000, 0x00000000d5580000)
  object space 178176K, 63% used [0x0000000080000000,0x0000000086eb81f8,0x000000008ae00000)
 Metaspace       used 77402K, capacity 81684K, committed 82472K, reserved 1120256K
  class space    used 10496K, capacity 11253K, committed 11568K, reserved 1048576K
}
Event: 61.377 GC heap before
{Heap before GC invocations=44 (full 6):
 PSYoungGen      total 317952K, used 312482K [0x00000000d5580000, 0x00000000eb700000, 0x0000000100000000)
  eden space 281088K, 100% used [0x00000000d5580000,0x00000000e6800000,0x00000000e6800000)
  from space 36864K, 85% used [0x00000000e6800000,0x00000000e86a8960,0x00000000e8c00000)
  to   space 31744K, 0% used [0x00000000e8c00000,0x00000000e8c00000,0x00000000eab00000)
 ParOldGen       total 178176K, used 113376K [0x0000000080000000, 0x000000008ae00000, 0x00000000d5580000)
  object space 178176K, 63% used [0x0000000080000000,0x0000000086eb81f8,0x000000008ae00000)
 Metaspace       used 77431K, capacity 81690K, committed 82472K, reserved 1120256K
  class space    used 10496K, capacity 11254K, committed 11568K, reserved 1048576K
Event: 61.454 GC heap after
Heap after GC invocations=44 (full 6):
 PSYoungGen      total 297472K, used 31712K [0x00000000d5580000, 0x00000000ef000000, 0x0000000100000000)
  eden space 265728K, 0% used [0x00000000d5580000,0x00000000d5580000,0x00000000e5900000)
  from space 31744K, 99% used [0x00000000e8c00000,0x00000000eaaf80e0,0x00000000eab00000)
  to   space 52224K, 0% used [0x00000000e5900000,0x00000000e5900000,0x00000000e8c00000)
 ParOldGen       total 178176K, used 115861K [0x0000000080000000, 0x000000008ae00000, 0x00000000d5580000)
  object space 178176K, 65% used [0x0000000080000000,0x0000000087125500,0x000000008ae00000)
 Metaspace       used 77431K, capacity 81690K, committed 82472K, reserved 1120256K
  class space    used 10496K, capacity 11254K, committed 11568K, reserved 1048576K
}

