# JRE version: OpenJDK Runtime Environment (8.0_242-b01) (build 1.8.0_242-release-1644-b01)
# Java VM: OpenJDK 64-Bit Server VM (25.242-b01 mixed mode windows-amd64 compressed oops)
Heap:
 PSYoungGen      total 343040K, used 222705K [0x00000000d5580000, 0x00000000f0700000, 0x0000000100000000)
  eden space 309760K, 70% used [0x00000000d5580000,0x00000000e29cf188,0x00000000e8400000)
  from space 33280K, 15% used [0x00000000e8400000,0x00000000e892d408,0x00000000ea480000)
  to   space 37376K, 0% used [0x00000000ee280000,0x00000000ee280000,0x00000000f0700000)
 ParOldGen       total 160768K, used 89723K [0x0000000080000000, 0x0000000089d00000, 0x00000000d5580000)
  object space 160768K, 55% used [0x0000000080000000,0x000000008579eff8,0x0000000089d00000)
 Metaspace       used 89773K, capacity 94258K, committed 94376K, reserved 1130496K
  class space    used 11988K, capacity 12863K, committed 12976K, reserved 1048576K
GC Heap History (10 events):
Event: 476.330 GC heap before
{Heap before GC invocations=17 (full 3):
 PSYoungGen      total 251392K, used 249384K [0x00000000d5580000, 0x00000000e8f80000, 0x0000000100000000)
  eden space 229888K, 100% used [0x00000000d5580000,0x00000000e3600000,0x00000000e3600000)
  from space 21504K, 90% used [0x00000000e3600000,0x00000000e490a110,0x00000000e4b00000)
  to   space 24064K, 0% used [0x00000000e7800000,0x00000000e7800000,0x00000000e8f80000)
 ParOldGen       total 86016K, used 37565K [0x0000000080000000, 0x0000000085400000, 0x00000000d5580000)
  object space 86016K, 43% used [0x0000000080000000,0x00000000824af638,0x0000000085400000)
 Metaspace       used 67886K, capacity 71018K, committed 71080K, reserved 1110016K
  class space    used 9034K, capacity 9646K, committed 9648K, reserved 1048576K
Event: 476.762 GC heap after
Heap after GC invocations=17 (full 3):
 PSYoungGen      total 289792K, used 24041K [0x00000000d5580000, 0x00000000e9200000, 0x0000000100000000)
  eden space 265728K, 0% used [0x00000000d5580000,0x00000000d5580000,0x00000000e5900000)
  from space 24064K, 99% used [0x00000000e7800000,0x00000000e8f7a510,0x00000000e8f80000)
  to   space 29184K, 0% used [0x00000000e5900000,0x00000000e5900000,0x00000000e7580000)
 ParOldGen       total 86016K, used 40657K [0x0000000080000000, 0x0000000085400000, 0x00000000d5580000)
  object space 86016K, 47% used [0x0000000080000000,0x00000000827b44a8,0x0000000085400000)
 Metaspace       used 67886K, capacity 71018K, committed 71080K, reserved 1110016K
  class space    used 9034K, capacity 9646K, committed 9648K, reserved 1048576K
}
Event: 483.059 GC heap before
{Heap before GC invocations=18 (full 3):
 PSYoungGen      total 289792K, used 289769K [0x00000000d5580000, 0x00000000e9200000, 0x0000000100000000)
  eden space 265728K, 100% used [0x00000000d5580000,0x00000000e5900000,0x00000000e5900000)
  from space 24064K, 99% used [0x00000000e7800000,0x00000000e8f7a510,0x00000000e8f80000)
  to   space 29184K, 0% used [0x00000000e5900000,0x00000000e5900000,0x00000000e7580000)
 ParOldGen       total 86016K, used 40657K [0x0000000080000000, 0x0000000085400000, 0x00000000d5580000)
  object space 86016K, 47% used [0x0000000080000000,0x00000000827b44a8,0x0000000085400000)
 Metaspace       used 72435K, capacity 75722K, committed 76072K, reserved 1116160K
  class space    used 9617K, capacity 10216K, committed 10288K, reserved 1048576K
Event: 483.215 GC heap after
Heap after GC invocations=18 (full 3):
 PSYoungGen      total 294912K, used 11596K [0x00000000d5580000, 0x00000000ebf80000, 0x0000000100000000)
  eden space 265728K, 0% used [0x00000000d5580000,0x00000000d5580000,0x00000000e5900000)
  from space 29184K, 39% used [0x00000000e5900000,0x00000000e6453380,0x00000000e7580000)
  to   space 27648K, 0% used [0x00000000ea480000,0x00000000ea480000,0x00000000ebf80000)
 ParOldGen       total 86016K, used 64083K [0x0000000080000000, 0x0000000085400000, 0x00000000d5580000)
  object space 86016K, 74% used [0x0000000080000000,0x0000000083e94ce0,0x0000000085400000)
 Metaspace       used 72435K, capacity 75722K, committed 76072K, reserved 1116160K
  class space    used 9617K, capacity 10216K, committed 10288K, reserved 1048576K
}
Event: 489.835 GC heap before
{Heap before GC invocations=19 (full 3):
 PSYoungGen      total 294912K, used 277324K [0x00000000d5580000, 0x00000000ebf80000, 0x0000000100000000)
  eden space 265728K, 100% used [0x00000000d5580000,0x00000000e5900000,0x00000000e5900000)
  from space 29184K, 39% used [0x00000000e5900000,0x00000000e6453380,0x00000000e7580000)
  to   space 27648K, 0% used [0x00000000ea480000,0x00000000ea480000,0x00000000ebf80000)
 ParOldGen       total 86016K, used 64083K [0x0000000080000000, 0x0000000085400000, 0x00000000d5580000)
  object space 86016K, 74% used [0x0000000080000000,0x0000000083e94ce0,0x0000000085400000)
 Metaspace       used 79410K, capacity 83042K, committed 83112K, reserved 1122304K
  class space    used 10421K, capacity 11121K, committed 11184K, reserved 1048576K
Event: 489.924 GC heap after
Heap after GC invocations=19 (full 3):
 PSYoungGen      total 337408K, used 27628K [0x00000000d5580000, 0x00000000ec980000, 0x0000000100000000)
  eden space 309760K, 0% used [0x00000000d5580000,0x00000000d5580000,0x00000000e8400000)
  from space 27648K, 99% used [0x00000000ea480000,0x00000000ebf7b150,0x00000000ebf80000)
  to   space 33280K, 0% used [0x00000000e8400000,0x00000000e8400000,0x00000000ea480000)
 ParOldGen       total 86016K, used 67427K [0x0000000080000000, 0x0000000085400000, 0x00000000d5580000)
  object space 86016K, 78% used [0x0000000080000000,0x00000000841d8ca8,0x0000000085400000)
 Metaspace       used 79410K, capacity 83042K, committed 83112K, reserved 1122304K
  class space    used 10421K, capacity 11121K, committed 11184K, reserved 1048576K
}
Event: 491.925 GC heap before
{Heap before GC invocations=20 (full 3):
 PSYoungGen      total 337408K, used 337388K [0x00000000d5580000, 0x00000000ec980000, 0x0000000100000000)
  eden space 309760K, 100% used [0x00000000d5580000,0x00000000e8400000,0x00000000e8400000)
  from space 27648K, 99% used [0x00000000ea480000,0x00000000ebf7b150,0x00000000ebf80000)
  to   space 33280K, 0% used [0x00000000e8400000,0x00000000e8400000,0x00000000ea480000)
 ParOldGen       total 86016K, used 67428K [0x0000000080000000, 0x0000000085400000, 0x00000000d5580000)
  object space 86016K, 78% used [0x0000000080000000,0x00000000841d9018,0x0000000085400000)
 Metaspace       used 80971K, capacity 84522K, committed 84776K, reserved 1122304K
  class space    used 10574K, capacity 11239K, committed 11312K, reserved 1048576K
Event: 492.090 GC heap after
Heap after GC invocations=20 (full 3):
 PSYoungGen      total 343040K, used 29692K [0x00000000d5580000, 0x00000000f0700000, 0x0000000100000000)
  eden space 309760K, 0% used [0x00000000d5580000,0x00000000d5580000,0x00000000e8400000)
  from space 33280K, 89% used [0x00000000e8400000,0x00000000ea0ff208,0x00000000ea480000)
  to   space 37376K, 0% used [0x00000000ee280000,0x00000000ee280000,0x00000000f0700000)
 ParOldGen       total 90112K, used 88506K [0x0000000080000000, 0x0000000085800000, 0x00000000d5580000)
  object space 90112K, 98% used [0x0000000080000000,0x000000008566e998,0x0000000085800000)
 Metaspace       used 80971K, capacity 84522K, committed 84776K, reserved 1122304K
  class space    used 10574K, capacity 11239K, committed 11312K, reserved 1048576K
}
Event: 492.091 GC heap before
{Heap before GC invocations=21 (full 4):
 PSYoungGen      total 343040K, used 29692K [0x00000000d5580000, 0x00000000f0700000, 0x0000000100000000)
  eden space 309760K, 0% used [0x00000000d5580000,0x00000000d5580000,0x00000000e8400000)
  from space 33280K, 89% used [0x00000000e8400000,0x00000000ea0ff208,0x00000000ea480000)
  to   space 37376K, 0% used [0x00000000ee280000,0x00000000ee280000,0x00000000f0700000)
 ParOldGen       total 90112K, used 88506K [0x0000000080000000, 0x0000000085800000, 0x00000000d5580000)
  object space 90112K, 98% used [0x0000000080000000,0x000000008566e998,0x0000000085800000)
 Metaspace       used 80971K, capacity 84522K, committed 84776K, reserved 1122304K
  class space    used 10574K, capacity 11239K, committed 11312K, reserved 1048576K
Event: 493.611 GC heap after
Heap after GC invocations=21 (full 4):
 PSYoungGen      total 343040K, used 5301K [0x00000000d5580000, 0x00000000f0700000, 0x0000000100000000)
  eden space 309760K, 0% used [0x00000000d5580000,0x00000000d5580000,0x00000000e8400000)
  from space 33280K, 15% used [0x00000000e8400000,0x00000000e892d408,0x00000000ea480000)
  to   space 37376K, 0% used [0x00000000ee280000,0x00000000ee280000,0x00000000f0700000)
 ParOldGen       total 160768K, used 89723K [0x0000000080000000, 0x0000000089d00000, 0x00000000d5580000)
  object space 160768K, 55% used [0x0000000080000000,0x000000008579eff8,0x0000000089d00000)
 Metaspace       used 80637K, capacity 83966K, committed 84776K, reserved 1122304K
  class space    used 10526K, capacity 11153K, committed 11312K, reserved 1048576K
}

