# JRE version: OpenJDK Runtime Environment (8.0_242-b01) (build 1.8.0_242-release-1644-b01)
# Java VM: OpenJDK 64-Bit Server VM (25.242-b01 mixed mode windows-amd64 compressed oops)
Heap:
 PSYoungGen      total 570368K, used 463099K [0x00000000d5580000, 0x0000000100000000, 0x0000000100000000)
  eden space 455680K, 76% used [0x00000000d5580000,0x00000000ea9c2ec8,0x00000000f1280000)
  from space 114688K, 99% used [0x00000000f1280000,0x00000000f827be30,0x00000000f8280000)
  to   space 128512K, 0% used [0x00000000f8280000,0x00000000f8280000,0x0000000100000000)
 ParOldGen       total 223232K, used 159772K [0x0000000080000000, 0x000000008da00000, 0x00000000d5580000)
  object space 223232K, 71% used [0x0000000080000000,0x0000000089c07070,0x000000008da00000)
 Metaspace       used 84945K, capacity 89664K, committed 90648K, reserved 1128448K
  class space    used 11258K, capacity 12101K, committed 12592K, reserved 1048576K
GC Heap History (10 events):
Event: 41.355 GC heap before
{Heap before GC invocations=38 (full 5):
 PSYoungGen      total 564736K, used 448512K [0x00000000d5580000, 0x0000000100000000, 0x0000000100000000)
  eden space 440832K, 100% used [0x00000000d5580000,0x00000000f0400000,0x00000000f0400000)
  from space 123904K, 6% used [0x00000000f7f00000,0x00000000f8680010,0x00000000ff800000)
  to   space 125952K, 0% used [0x00000000f0400000,0x00000000f0400000,0x00000000f7f00000)
 ParOldGen       total 223232K, used 137415K [0x0000000080000000, 0x000000008da00000, 0x00000000d5580000)
  object space 223232K, 61% used [0x0000000080000000,0x0000000088631d90,0x000000008da00000)
 Metaspace       used 76349K, capacity 80520K, committed 82456K, reserved 1120256K
  class space    used 10366K, capacity 11131K, committed 11824K, reserved 1048576K
Event: 41.377 GC heap after
Heap after GC invocations=38 (full 5):
 PSYoungGen      total 566784K, used 11392K [0x00000000d5580000, 0x0000000100000000, 0x0000000100000000)
  eden space 440832K, 0% used [0x00000000d5580000,0x00000000d5580000,0x00000000f0400000)
  from space 125952K, 9% used [0x00000000f0400000,0x00000000f0f20010,0x00000000f7f00000)
  to   space 125440K, 0% used [0x00000000f8580000,0x00000000f8580000,0x0000000100000000)
 ParOldGen       total 223232K, used 137415K [0x0000000080000000, 0x000000008da00000, 0x00000000d5580000)
  object space 223232K, 61% used [0x0000000080000000,0x0000000088631d90,0x000000008da00000)
 Metaspace       used 76349K, capacity 80520K, committed 82456K, reserved 1120256K
  class space    used 10366K, capacity 11131K, committed 11824K, reserved 1048576K
}
Event: 42.781 GC heap before
{Heap before GC invocations=39 (full 5):
 PSYoungGen      total 566784K, used 452224K [0x00000000d5580000, 0x0000000100000000, 0x0000000100000000)
  eden space 440832K, 100% used [0x00000000d5580000,0x00000000f0400000,0x00000000f0400000)
  from space 125952K, 9% used [0x00000000f0400000,0x00000000f0f20010,0x00000000f7f00000)
  to   space 125440K, 0% used [0x00000000f8580000,0x00000000f8580000,0x0000000100000000)
 ParOldGen       total 223232K, used 137415K [0x0000000080000000, 0x000000008da00000, 0x00000000d5580000)
  object space 223232K, 61% used [0x0000000080000000,0x0000000088631d90,0x000000008da00000)
 Metaspace       used 76350K, capacity 80520K, committed 82456K, reserved 1120256K
  class space    used 10367K, capacity 11131K, committed 11824K, reserved 1048576K
Event: 42.809 GC heap after
Heap after GC invocations=39 (full 5):
 PSYoungGen      total 568320K, used 15392K [0x00000000d5580000, 0x00000000ffb80000, 0x0000000100000000)
  eden space 447488K, 0% used [0x00000000d5580000,0x00000000d5580000,0x00000000f0a80000)
  from space 120832K, 12% used [0x00000000f8580000,0x00000000f9488028,0x00000000ffb80000)
  to   space 123392K, 0% used [0x00000000f0a80000,0x00000000f0a80000,0x00000000f8300000)
 ParOldGen       total 223232K, used 137415K [0x0000000080000000, 0x000000008da00000, 0x00000000d5580000)
  object space 223232K, 61% used [0x0000000080000000,0x0000000088631d90,0x000000008da00000)
 Metaspace       used 76350K, capacity 80520K, committed 82456K, reserved 1120256K
  class space    used 10367K, capacity 11131K, committed 11824K, reserved 1048576K
}
Event: 44.154 GC heap before
{Heap before GC invocations=40 (full 5):
 PSYoungGen      total 568320K, used 462880K [0x00000000d5580000, 0x00000000ffb80000, 0x0000000100000000)
  eden space 447488K, 100% used [0x00000000d5580000,0x00000000f0a80000,0x00000000f0a80000)
  from space 120832K, 12% used [0x00000000f8580000,0x00000000f9488028,0x00000000ffb80000)
  to   space 123392K, 0% used [0x00000000f0a80000,0x00000000f0a80000,0x00000000f8300000)
 ParOldGen       total 223232K, used 137415K [0x0000000080000000, 0x000000008da00000, 0x00000000d5580000)
  object space 223232K, 61% used [0x0000000080000000,0x0000000088631d90,0x000000008da00000)
 Metaspace       used 76352K, capacity 80524K, committed 82456K, reserved 1120256K
  class space    used 10367K, capacity 11131K, committed 11824K, reserved 1048576K
Event: 44.183 GC heap after
Heap after GC invocations=40 (full 5):
 PSYoungGen      total 570880K, used 21072K [0x00000000d5580000, 0x00000000ffb80000, 0x0000000100000000)
  eden space 447488K, 0% used [0x00000000d5580000,0x00000000d5580000,0x00000000f0a80000)
  from space 123392K, 17% used [0x00000000f0a80000,0x00000000f1f14028,0x00000000f8300000)
  to   space 119808K, 0% used [0x00000000f8680000,0x00000000f8680000,0x00000000ffb80000)
 ParOldGen       total 223232K, used 137415K [0x0000000080000000, 0x000000008da00000, 0x00000000d5580000)
  object space 223232K, 61% used [0x0000000080000000,0x0000000088631d90,0x000000008da00000)
 Metaspace       used 76352K, capacity 80524K, committed 82456K, reserved 1120256K
  class space    used 10367K, capacity 11131K, committed 11824K, reserved 1048576K
}
Event: 46.807 GC heap before
{Heap before GC invocations=41 (full 5):
 PSYoungGen      total 570880K, used 465960K [0x00000000d5580000, 0x00000000ffb80000, 0x0000000100000000)
  eden space 447488K, 99% used [0x00000000d5580000,0x00000000f07f6048,0x00000000f0a80000)
  from space 123392K, 17% used [0x00000000f0a80000,0x00000000f1f14028,0x00000000f8300000)
  to   space 119808K, 0% used [0x00000000f8680000,0x00000000f8680000,0x00000000ffb80000)
 ParOldGen       total 223232K, used 137415K [0x0000000080000000, 0x000000008da00000, 0x00000000d5580000)
  object space 223232K, 61% used [0x0000000080000000,0x0000000088631d90,0x000000008da00000)
 Metaspace       used 76370K, capacity 80524K, committed 82456K, reserved 1120256K
  class space    used 10367K, capacity 11131K, committed 11824K, reserved 1048576K
Event: 46.840 GC heap after
Heap after GC invocations=41 (full 5):
 PSYoungGen      total 566272K, used 27109K [0x00000000d5580000, 0x00000000ff280000, 0x0000000100000000)
  eden space 455680K, 0% used [0x00000000d5580000,0x00000000d5580000,0x00000000f1280000)
  from space 110592K, 24% used [0x00000000f8680000,0x00000000fa0f9400,0x00000000ff280000)
  to   space 114688K, 0% used [0x00000000f1280000,0x00000000f1280000,0x00000000f8280000)
 ParOldGen       total 223232K, used 137423K [0x0000000080000000, 0x000000008da00000, 0x00000000d5580000)
  object space 223232K, 61% used [0x0000000080000000,0x0000000088633d90,0x000000008da00000)
 Metaspace       used 76370K, capacity 80524K, committed 82456K, reserved 1120256K
  class space    used 10367K, capacity 11131K, committed 11824K, reserved 1048576K
}
Event: 50.708 GC heap before
{Heap before GC invocations=42 (full 5):
 PSYoungGen      total 566272K, used 482789K [0x00000000d5580000, 0x00000000ff280000, 0x0000000100000000)
  eden space 455680K, 100% used [0x00000000d5580000,0x00000000f1280000,0x00000000f1280000)
  from space 110592K, 24% used [0x00000000f8680000,0x00000000fa0f9400,0x00000000ff280000)
  to   space 114688K, 0% used [0x00000000f1280000,0x00000000f1280000,0x00000000f8280000)
 ParOldGen       total 223232K, used 137423K [0x0000000080000000, 0x000000008da00000, 0x00000000d5580000)
  object space 223232K, 61% used [0x0000000080000000,0x0000000088633d90,0x000000008da00000)
 Metaspace       used 77548K, capacity 82006K, committed 83608K, reserved 1120256K
  class space    used 10504K, capacity 11300K, committed 11952K, reserved 1048576K
Event: 50.927 GC heap after
Heap after GC invocations=42 (full 5):
 PSYoungGen      total 570368K, used 114671K [0x00000000d5580000, 0x0000000100000000, 0x0000000100000000)
  eden space 455680K, 0% used [0x00000000d5580000,0x00000000d5580000,0x00000000f1280000)
  from space 114688K, 99% used [0x00000000f1280000,0x00000000f827be30,0x00000000f8280000)
  to   space 128512K, 0% used [0x00000000f8280000,0x00000000f8280000,0x0000000100000000)
 ParOldGen       total 223232K, used 159772K [0x0000000080000000, 0x000000008da00000, 0x00000000d5580000)
  object space 223232K, 71% used [0x0000000080000000,0x0000000089c07070,0x000000008da00000)
 Metaspace       used 77548K, capacity 82006K, committed 83608K, reserved 1120256K
  class space    used 10504K, capacity 11300K, committed 11952K, reserved 1048576K
}

