# JRE version: OpenJDK Runtime Environment (8.0_242-b01) (build 1.8.0_242-release-1644-b01)
# Java VM: OpenJDK 64-Bit Server VM (25.242-b01 mixed mode windows-amd64 compressed oops)
Heap:
 PSYoungGen      total 242688K, used 162906K [0x00000000d5580000, 0x00000000e8580000, 0x0000000100000000)
  eden space 186368K, 87% used [0x00000000d5580000,0x00000000df496a98,0x00000000e0b80000)
  from space 56320K, 0% used [0x00000000e0b80000,0x00000000e0b80000,0x00000000e4280000)
  to   space 55296K, 0% used [0x00000000e4f80000,0x00000000e4f80000,0x00000000e8580000)
 ParOldGen       total 190464K, used 80139K [0x0000000080000000, 0x000000008ba00000, 0x00000000d5580000)
  object space 190464K, 42% used [0x0000000080000000,0x0000000084e42c78,0x000000008ba00000)
 Metaspace       used 80811K, capacity 85212K, committed 86808K, reserved 1124352K
  class space    used 10609K, capacity 11383K, committed 11824K, reserved 1048576K
GC Heap History (10 events):
Event: 4103.602 GC heap before
{Heap before GC invocations=23 (full 3):
 PSYoungGen      total 213504K, used 200848K [0x00000000d5580000, 0x00000000e4900000, 0x0000000100000000)
  eden space 184320K, 100% used [0x00000000d5580000,0x00000000e0980000,0x00000000e0980000)
  from space 29184K, 56% used [0x00000000e0980000,0x00000000e19a4050,0x00000000e2600000)
  to   space 29184K, 0% used [0x00000000e2c80000,0x00000000e2c80000,0x00000000e4900000)
 ParOldGen       total 103424K, used 45956K [0x0000000080000000, 0x0000000086500000, 0x00000000d5580000)
  object space 103424K, 44% used [0x0000000080000000,0x0000000082ce1178,0x0000000086500000)
 Metaspace       used 73487K, capacity 77492K, committed 77848K, reserved 1116160K
  class space    used 9712K, capacity 10431K, committed 10544K, reserved 1048576K
Event: 4103.672 GC heap after
Heap after GC invocations=23 (full 3):
 PSYoungGen      total 212992K, used 29181K [0x00000000d5580000, 0x00000000e5800000, 0x0000000100000000)
  eden space 183808K, 0% used [0x00000000d5580000,0x00000000d5580000,0x00000000e0900000)
  from space 29184K, 99% used [0x00000000e2c80000,0x00000000e48ff5c8,0x00000000e4900000)
  to   space 36352K, 0% used [0x00000000e0900000,0x00000000e0900000,0x00000000e2c80000)
 ParOldGen       total 103424K, used 54052K [0x0000000080000000, 0x0000000086500000, 0x00000000d5580000)
  object space 103424K, 52% used [0x0000000080000000,0x00000000834c91f8,0x0000000086500000)
 Metaspace       used 73487K, capacity 77492K, committed 77848K, reserved 1116160K
  class space    used 9712K, capacity 10431K, committed 10544K, reserved 1048576K
}
Event: 4106.266 GC heap before
{Heap before GC invocations=24 (full 3):
 PSYoungGen      total 212992K, used 212989K [0x00000000d5580000, 0x00000000e5800000, 0x0000000100000000)
  eden space 183808K, 100% used [0x00000000d5580000,0x00000000e0900000,0x00000000e0900000)
  from space 29184K, 99% used [0x00000000e2c80000,0x00000000e48ff5c8,0x00000000e4900000)
  to   space 36352K, 0% used [0x00000000e0900000,0x00000000e0900000,0x00000000e2c80000)
 ParOldGen       total 103424K, used 54052K [0x0000000080000000, 0x0000000086500000, 0x00000000d5580000)
  object space 103424K, 52% used [0x0000000080000000,0x00000000834c91f8,0x0000000086500000)
 Metaspace       used 79296K, capacity 84136K, committed 84248K, reserved 1122304K
  class space    used 10616K, capacity 11523K, committed 11568K, reserved 1048576K
Event: 4106.389 GC heap after
Heap after GC invocations=24 (full 3):
 PSYoungGen      total 220160K, used 36325K [0x00000000d5580000, 0x00000000e7180000, 0x0000000100000000)
  eden space 183808K, 0% used [0x00000000d5580000,0x00000000d5580000,0x00000000e0900000)
  from space 36352K, 99% used [0x00000000e0900000,0x00000000e2c797b8,0x00000000e2c80000)
  to   space 48128K, 0% used [0x00000000e4280000,0x00000000e4280000,0x00000000e7180000)
 ParOldGen       total 103424K, used 71529K [0x0000000080000000, 0x0000000086500000, 0x00000000d5580000)
  object space 103424K, 69% used [0x0000000080000000,0x00000000845da7c0,0x0000000086500000)
 Metaspace       used 79296K, capacity 84136K, committed 84248K, reserved 1122304K
  class space    used 10616K, capacity 11523K, committed 11568K, reserved 1048576K
}
Event: 4108.435 GC heap before
{Heap before GC invocations=25 (full 3):
 PSYoungGen      total 220160K, used 220133K [0x00000000d5580000, 0x00000000e7180000, 0x0000000100000000)
  eden space 183808K, 100% used [0x00000000d5580000,0x00000000e0900000,0x00000000e0900000)
  from space 36352K, 99% used [0x00000000e0900000,0x00000000e2c797b8,0x00000000e2c80000)
  to   space 48128K, 0% used [0x00000000e4280000,0x00000000e4280000,0x00000000e7180000)
 ParOldGen       total 103424K, used 71529K [0x0000000080000000, 0x0000000086500000, 0x00000000d5580000)
  object space 103424K, 69% used [0x0000000080000000,0x00000000845da7c0,0x0000000086500000)
 Metaspace       used 80622K, capacity 85718K, committed 86040K, reserved 1124352K
  class space    used 10793K, capacity 11740K, committed 11824K, reserved 1048576K
Event: 4108.526 GC heap after
Heap after GC invocations=25 (full 3):
 PSYoungGen      total 234496K, used 48121K [0x00000000d5580000, 0x00000000e8380000, 0x0000000100000000)
  eden space 186368K, 0% used [0x00000000d5580000,0x00000000d5580000,0x00000000e0b80000)
  from space 48128K, 99% used [0x00000000e4280000,0x00000000e717e688,0x00000000e7180000)
  to   space 56320K, 0% used [0x00000000e0b80000,0x00000000e0b80000,0x00000000e4280000)
 ParOldGen       total 103424K, used 72093K [0x0000000080000000, 0x0000000086500000, 0x00000000d5580000)
  object space 103424K, 69% used [0x0000000080000000,0x0000000084667498,0x0000000086500000)
 Metaspace       used 80622K, capacity 85718K, committed 86040K, reserved 1124352K
  class space    used 10793K, capacity 11740K, committed 11824K, reserved 1048576K
}
Event: 4110.104 GC heap before
{Heap before GC invocations=26 (full 3):
 PSYoungGen      total 234496K, used 234489K [0x00000000d5580000, 0x00000000e8380000, 0x0000000100000000)
  eden space 186368K, 100% used [0x00000000d5580000,0x00000000e0b80000,0x00000000e0b80000)
  from space 48128K, 99% used [0x00000000e4280000,0x00000000e717e688,0x00000000e7180000)
  to   space 56320K, 0% used [0x00000000e0b80000,0x00000000e0b80000,0x00000000e4280000)
 ParOldGen       total 103424K, used 73729K [0x0000000080000000, 0x0000000086500000, 0x00000000d5580000)
  object space 103424K, 71% used [0x0000000080000000,0x00000000848005a8,0x0000000086500000)
 Metaspace       used 81332K, capacity 86430K, committed 86552K, reserved 1124352K
  class space    used 10802K, capacity 11742K, committed 11824K, reserved 1048576K
Event: 4110.176 GC heap after
Heap after GC invocations=26 (full 3):
 PSYoungGen      total 242688K, used 28922K [0x00000000d5580000, 0x00000000e8580000, 0x0000000100000000)
  eden space 186368K, 0% used [0x00000000d5580000,0x00000000d5580000,0x00000000e0b80000)
  from space 56320K, 51% used [0x00000000e0b80000,0x00000000e27be970,0x00000000e4280000)
  to   space 55296K, 0% used [0x00000000e4f80000,0x00000000e4f80000,0x00000000e8580000)
 ParOldGen       total 103424K, used 91006K [0x0000000080000000, 0x0000000086500000, 0x00000000d5580000)
  object space 103424K, 87% used [0x0000000080000000,0x00000000858df9a8,0x0000000086500000)
 Metaspace       used 81332K, capacity 86430K, committed 86552K, reserved 1124352K
  class space    used 10802K, capacity 11742K, committed 11824K, reserved 1048576K
}
Event: 4110.177 GC heap before
{Heap before GC invocations=27 (full 4):
 PSYoungGen      total 242688K, used 28922K [0x00000000d5580000, 0x00000000e8580000, 0x0000000100000000)
  eden space 186368K, 0% used [0x00000000d5580000,0x00000000d5580000,0x00000000e0b80000)
  from space 56320K, 51% used [0x00000000e0b80000,0x00000000e27be970,0x00000000e4280000)
  to   space 55296K, 0% used [0x00000000e4f80000,0x00000000e4f80000,0x00000000e8580000)
 ParOldGen       total 103424K, used 91006K [0x0000000080000000, 0x0000000086500000, 0x00000000d5580000)
  object space 103424K, 87% used [0x0000000080000000,0x00000000858df9a8,0x0000000086500000)
 Metaspace       used 81332K, capacity 86430K, committed 86552K, reserved 1124352K
  class space    used 10802K, capacity 11742K, committed 11824K, reserved 1048576K
Event: 4111.195 GC heap after
Heap after GC invocations=27 (full 4):
 PSYoungGen      total 242688K, used 0K [0x00000000d5580000, 0x00000000e8580000, 0x0000000100000000)
  eden space 186368K, 0% used [0x00000000d5580000,0x00000000d5580000,0x00000000e0b80000)
  from space 56320K, 0% used [0x00000000e0b80000,0x00000000e0b80000,0x00000000e4280000)
  to   space 55296K, 0% used [0x00000000e4f80000,0x00000000e4f80000,0x00000000e8580000)
 ParOldGen       total 190464K, used 80139K [0x0000000080000000, 0x000000008ba00000, 0x00000000d5580000)
  object space 190464K, 42% used [0x0000000080000000,0x0000000084e42c78,0x000000008ba00000)
 Metaspace       used 80704K, capacity 85036K, committed 86552K, reserved 1124352K
  class space    used 10601K, capacity 11379K, committed 11824K, reserved 1048576K
}

