# JRE version: OpenJDK Runtime Environment (8.0_242-b01) (build 1.8.0_242-release-1644-b01)
# Java VM: OpenJDK 64-Bit Server VM (25.242-b01 mixed mode windows-amd64 compressed oops)
Heap:
 PSYoungGen      total 384000K, used 152736K [0x00000000d5580000, 0x00000000eef00000, 0x0000000100000000)
  eden space 357376K, 35% used [0x00000000d5580000,0x00000000dd1691f0,0x00000000eb280000)
  from space 26624K, 97% used [0x00000000ed080000,0x00000000ee9bee28,0x00000000eea80000)
  to   space 30720K, 0% used [0x00000000eb280000,0x00000000eb280000,0x00000000ed080000)
 ParOldGen       total 84480K, used 54051K [0x0000000080000000, 0x0000000085280000, 0x00000000d5580000)
  object space 84480K, 63% used [0x0000000080000000,0x00000000834c8e98,0x0000000085280000)
 Metaspace       used 75495K, capacity 78976K, committed 79128K, reserved 1118208K
  class space    used 9859K, capacity 10538K, committed 10544K, reserved 1048576K
GC Heap History (10 events):
Event: 29.713 GC heap before
{Heap before GC invocations=11 (full 2):
 PSYoungGen      total 224768K, used 210944K [0x00000000d5580000, 0x00000000e5280000, 0x0000000100000000)
  eden space 210944K, 100% used [0x00000000d5580000,0x00000000e2380000,0x00000000e2380000)
  from space 13824K, 0% used [0x00000000e3100000,0x00000000e3100000,0x00000000e3e80000)
  to   space 13824K, 0% used [0x00000000e2380000,0x00000000e2380000,0x00000000e3100000)
 ParOldGen       total 50176K, used 14709K [0x0000000080000000, 0x0000000083100000, 0x00000000d5580000)
  object space 50176K, 29% used [0x0000000080000000,0x0000000080e5d6c8,0x0000000083100000)
 Metaspace       used 46039K, capacity 47884K, committed 48168K, reserved 1091584K
  class space    used 6225K, capacity 6586K, committed 6704K, reserved 1048576K
Event: 29.802 GC heap after
Heap after GC invocations=11 (full 2):
 PSYoungGen      total 224768K, used 13804K [0x00000000d5580000, 0x00000000e8c00000, 0x0000000100000000)
  eden space 210944K, 0% used [0x00000000d5580000,0x00000000d5580000,0x00000000e2380000)
  from space 13824K, 99% used [0x00000000e2380000,0x00000000e30fb220,0x00000000e3100000)
  to   space 17408K, 0% used [0x00000000e7b00000,0x00000000e7b00000,0x00000000e8c00000)
 ParOldGen       total 50176K, used 18956K [0x0000000080000000, 0x0000000083100000, 0x00000000d5580000)
  object space 50176K, 37% used [0x0000000080000000,0x00000000812831a8,0x0000000083100000)
 Metaspace       used 46039K, capacity 47884K, committed 48168K, reserved 1091584K
  class space    used 6225K, capacity 6586K, committed 6704K, reserved 1048576K
}
Event: 35.860 GC heap before
{Heap before GC invocations=12 (full 2):
 PSYoungGen      total 224768K, used 146368K [0x00000000d5580000, 0x00000000e8c00000, 0x0000000100000000)
  eden space 210944K, 62% used [0x00000000d5580000,0x00000000dd6f5010,0x00000000e2380000)
  from space 13824K, 99% used [0x00000000e2380000,0x00000000e30fb220,0x00000000e3100000)
  to   space 17408K, 0% used [0x00000000e7b00000,0x00000000e7b00000,0x00000000e8c00000)
 ParOldGen       total 50176K, used 18956K [0x0000000080000000, 0x0000000083100000, 0x00000000d5580000)
  object space 50176K, 37% used [0x0000000080000000,0x00000000812831a8,0x0000000083100000)
 Metaspace       used 56532K, capacity 58892K, committed 59160K, reserved 1099776K
  class space    used 7738K, capacity 8211K, committed 8240K, reserved 1048576K
Event: 35.923 GC heap after
Heap after GC invocations=12 (full 2):
 PSYoungGen      total 294912K, used 17404K [0x00000000d5580000, 0x00000000e9200000, 0x0000000100000000)
  eden space 277504K, 0% used [0x00000000d5580000,0x00000000d5580000,0x00000000e6480000)
  from space 17408K, 99% used [0x00000000e7b00000,0x00000000e8bff340,0x00000000e8c00000)
  to   space 23040K, 0% used [0x00000000e6480000,0x00000000e6480000,0x00000000e7b00000)
 ParOldGen       total 50176K, used 26321K [0x0000000080000000, 0x0000000083100000, 0x00000000d5580000)
  object space 50176K, 52% used [0x0000000080000000,0x00000000819b44d0,0x0000000083100000)
 Metaspace       used 56532K, capacity 58892K, committed 59160K, reserved 1099776K
  class space    used 7738K, capacity 8211K, committed 8240K, reserved 1048576K
}
Event: 35.923 GC heap before
{Heap before GC invocations=13 (full 3):
 PSYoungGen      total 294912K, used 17404K [0x00000000d5580000, 0x00000000e9200000, 0x0000000100000000)
  eden space 277504K, 0% used [0x00000000d5580000,0x00000000d5580000,0x00000000e6480000)
  from space 17408K, 99% used [0x00000000e7b00000,0x00000000e8bff340,0x00000000e8c00000)
  to   space 23040K, 0% used [0x00000000e6480000,0x00000000e6480000,0x00000000e7b00000)
 ParOldGen       total 50176K, used 26321K [0x0000000080000000, 0x0000000083100000, 0x00000000d5580000)
  object space 50176K, 52% used [0x0000000080000000,0x00000000819b44d0,0x0000000083100000)
 Metaspace       used 56532K, capacity 58892K, committed 59160K, reserved 1099776K
  class space    used 7738K, capacity 8211K, committed 8240K, reserved 1048576K
Event: 36.528 GC heap after
Heap after GC invocations=13 (full 3):
 PSYoungGen      total 294912K, used 0K [0x00000000d5580000, 0x00000000e9200000, 0x0000000100000000)
  eden space 277504K, 0% used [0x00000000d5580000,0x00000000d5580000,0x00000000e6480000)
  from space 17408K, 0% used [0x00000000e7b00000,0x00000000e7b00000,0x00000000e8c00000)
  to   space 23040K, 0% used [0x00000000e6480000,0x00000000e6480000,0x00000000e7b00000)
 ParOldGen       total 84480K, used 36562K [0x0000000080000000, 0x0000000085280000, 0x00000000d5580000)
  object space 84480K, 43% used [0x0000000080000000,0x00000000823b4ae0,0x0000000085280000)
 Metaspace       used 56501K, capacity 58790K, committed 59160K, reserved 1099776K
  class space    used 7729K, capacity 8194K, committed 8240K, reserved 1048576K
}
Event: 54.320 GC heap before
{Heap before GC invocations=14 (full 3):
 PSYoungGen      total 294912K, used 277504K [0x00000000d5580000, 0x00000000e9200000, 0x0000000100000000)
  eden space 277504K, 100% used [0x00000000d5580000,0x00000000e6480000,0x00000000e6480000)
  from space 17408K, 0% used [0x00000000e7b00000,0x00000000e7b00000,0x00000000e8c00000)
  to   space 23040K, 0% used [0x00000000e6480000,0x00000000e6480000,0x00000000e7b00000)
 ParOldGen       total 84480K, used 36562K [0x0000000080000000, 0x0000000085280000, 0x00000000d5580000)
  object space 84480K, 43% used [0x0000000080000000,0x00000000823b4ae0,0x0000000085280000)
 Metaspace       used 64078K, capacity 66968K, committed 67224K, reserved 1107968K
  class space    used 8783K, capacity 9335K, committed 9392K, reserved 1048576K
Event: 55.109 GC heap after
Heap after GC invocations=14 (full 3):
 PSYoungGen      total 300544K, used 23039K [0x00000000d5580000, 0x00000000eea80000, 0x0000000100000000)
  eden space 277504K, 0% used [0x00000000d5580000,0x00000000d5580000,0x00000000e6480000)
  from space 23040K, 99% used [0x00000000e6480000,0x00000000e7affc98,0x00000000e7b00000)
  to   space 26624K, 0% used [0x00000000ed080000,0x00000000ed080000,0x00000000eea80000)
 ParOldGen       total 84480K, used 37191K [0x0000000080000000, 0x0000000085280000, 0x00000000d5580000)
  object space 84480K, 44% used [0x0000000080000000,0x0000000082451d20,0x0000000085280000)
 Metaspace       used 64078K, capacity 66968K, committed 67224K, reserved 1107968K
  class space    used 8783K, capacity 9335K, committed 9392K, reserved 1048576K
}
Event: 181.876 GC heap before
{Heap before GC invocations=15 (full 3):
 PSYoungGen      total 300544K, used 300543K [0x00000000d5580000, 0x00000000eea80000, 0x0000000100000000)
  eden space 277504K, 100% used [0x00000000d5580000,0x00000000e6480000,0x00000000e6480000)
  from space 23040K, 99% used [0x00000000e6480000,0x00000000e7affc98,0x00000000e7b00000)
  to   space 26624K, 0% used [0x00000000ed080000,0x00000000ed080000,0x00000000eea80000)
 ParOldGen       total 84480K, used 37191K [0x0000000080000000, 0x0000000085280000, 0x00000000d5580000)
  object space 84480K, 44% used [0x0000000080000000,0x0000000082451d20,0x0000000085280000)
 Metaspace       used 72926K, capacity 76284K, committed 76440K, reserved 1116160K
  class space    used 9679K, capacity 10367K, committed 10416K, reserved 1048576K
Event: 184.297 GC heap after
Heap after GC invocations=15 (full 3):
 PSYoungGen      total 384000K, used 25851K [0x00000000d5580000, 0x00000000eef00000, 0x0000000100000000)
  eden space 357376K, 0% used [0x00000000d5580000,0x00000000d5580000,0x00000000eb280000)
  from space 26624K, 97% used [0x00000000ed080000,0x00000000ee9bee28,0x00000000eea80000)
  to   space 30720K, 0% used [0x00000000eb280000,0x00000000eb280000,0x00000000ed080000)
 ParOldGen       total 84480K, used 54051K [0x0000000080000000, 0x0000000085280000, 0x00000000d5580000)
  object space 84480K, 63% used [0x0000000080000000,0x00000000834c8e98,0x0000000085280000)
 Metaspace       used 72926K, capacity 76284K, committed 76440K, reserved 1116160K
  class space    used 9679K, capacity 10367K, committed 10416K, reserved 1048576K
}

