# JRE version: OpenJDK Runtime Environment (8.0_242-b01) (build 1.8.0_242-release-1644-b01)
# Java VM: OpenJDK 64-Bit Server VM (25.242-b01 mixed mode windows-amd64 compressed oops)
Heap:
 PSYoungGen      total 638464K, used 9079K [0x00000000d5580000, 0x00000000ffb80000, 0x0000000100000000)
  eden space 585728K, 1% used [0x00000000d5580000,0x00000000d5e5deb8,0x00000000f9180000)
  from space 52736K, 0% used [0x00000000fc800000,0x00000000fc800000,0x00000000ffb80000)
  to   space 54272K, 0% used [0x00000000f9180000,0x00000000f9180000,0x00000000fc680000)
 ParOldGen       total 167424K, used 144003K [0x0000000080000000, 0x000000008a380000, 0x00000000d5580000)
  object space 167424K, 86% used [0x0000000080000000,0x0000000088ca0e48,0x000000008a380000)
 Metaspace       used 96776K, capacity 102152K, committed 102824K, reserved 1138688K
  class space    used 12344K, capacity 13286K, committed 13488K, reserved 1048576K
GC Heap History (10 events):
Event: 2247.134 GC heap before
{Heap before GC invocations=36 (full 5):
 PSYoungGen      total 470528K, used 437696K [0x00000000d5580000, 0x00000000f4900000, 0x0000000100000000)
  eden space 430592K, 100% used [0x00000000d5580000,0x00000000efa00000,0x00000000efa00000)
  from space 39936K, 17% used [0x00000000f2200000,0x00000000f28f0020,0x00000000f4900000)
  to   space 40448K, 0% used [0x00000000efa00000,0x00000000efa00000,0x00000000f2180000)
 ParOldGen       total 167424K, used 79297K [0x0000000080000000, 0x000000008a380000, 0x00000000d5580000)
  object space 167424K, 47% used [0x0000000080000000,0x0000000084d704c0,0x000000008a380000)
 Metaspace       used 96423K, capacity 101672K, committed 102568K, reserved 1138688K
  class space    used 12312K, capacity 13224K, committed 13488K, reserved 1048576K
Event: 2247.161 GC heap after
Heap after GC invocations=36 (full 5):
 PSYoungGen      total 471040K, used 2944K [0x00000000d5580000, 0x00000000f8500000, 0x0000000100000000)
  eden space 430592K, 0% used [0x00000000d5580000,0x00000000d5580000,0x00000000efa00000)
  from space 40448K, 7% used [0x00000000efa00000,0x00000000efce0000,0x00000000f2180000)
  to   space 40448K, 0% used [0x00000000f5d80000,0x00000000f5d80000,0x00000000f8500000)
 ParOldGen       total 167424K, used 82854K [0x0000000080000000, 0x000000008a380000, 0x00000000d5580000)
  object space 167424K, 49% used [0x0000000080000000,0x00000000850e99b0,0x000000008a380000)
 Metaspace       used 96423K, capacity 101672K, committed 102568K, reserved 1138688K
  class space    used 12312K, capacity 13224K, committed 13488K, reserved 1048576K
}
Event: 2249.386 GC heap before
{Heap before GC invocations=37 (full 5):
 PSYoungGen      total 471040K, used 433536K [0x00000000d5580000, 0x00000000f8500000, 0x0000000100000000)
  eden space 430592K, 100% used [0x00000000d5580000,0x00000000efa00000,0x00000000efa00000)
  from space 40448K, 7% used [0x00000000efa00000,0x00000000efce0000,0x00000000f2180000)
  to   space 40448K, 0% used [0x00000000f5d80000,0x00000000f5d80000,0x00000000f8500000)
 ParOldGen       total 167424K, used 82854K [0x0000000080000000, 0x000000008a380000, 0x00000000d5580000)
  object space 167424K, 49% used [0x0000000080000000,0x00000000850e99b0,0x000000008a380000)
 Metaspace       used 96670K, capacity 102080K, committed 102824K, reserved 1138688K
  class space    used 12344K, capacity 13286K, committed 13488K, reserved 1048576K
Event: 2249.743 GC heap after
Heap after GC invocations=37 (full 5):
 PSYoungGen      total 519680K, used 40431K [0x00000000d5580000, 0x00000000fbd00000, 0x0000000100000000)
  eden space 479232K, 0% used [0x00000000d5580000,0x00000000d5580000,0x00000000f2980000)
  from space 40448K, 99% used [0x00000000f5d80000,0x00000000f84fbf40,0x00000000f8500000)
  to   space 53248K, 0% used [0x00000000f2980000,0x00000000f2980000,0x00000000f5d80000)
 ParOldGen       total 167424K, used 98787K [0x0000000080000000, 0x000000008a380000, 0x00000000d5580000)
  object space 167424K, 59% used [0x0000000080000000,0x0000000086078cf8,0x000000008a380000)
 Metaspace       used 96670K, capacity 102080K, committed 102824K, reserved 1138688K
  class space    used 12344K, capacity 13286K, committed 13488K, reserved 1048576K
}
Event: 2254.921 GC heap before
{Heap before GC invocations=38 (full 5):
 PSYoungGen      total 519680K, used 519663K [0x00000000d5580000, 0x00000000fbd00000, 0x0000000100000000)
  eden space 479232K, 100% used [0x00000000d5580000,0x00000000f2980000,0x00000000f2980000)
  from space 40448K, 99% used [0x00000000f5d80000,0x00000000f84fbf40,0x00000000f8500000)
  to   space 53248K, 0% used [0x00000000f2980000,0x00000000f2980000,0x00000000f5d80000)
 ParOldGen       total 167424K, used 98787K [0x0000000080000000, 0x000000008a380000, 0x00000000d5580000)
  object space 167424K, 59% used [0x0000000080000000,0x0000000086078cf8,0x000000008a380000)
 Metaspace       used 96749K, capacity 102170K, committed 102824K, reserved 1138688K
  class space    used 12347K, capacity 13291K, committed 13488K, reserved 1048576K
Event: 2258.552 GC heap after
Heap after GC invocations=38 (full 5):
 PSYoungGen      total 532480K, used 39237K [0x00000000d5580000, 0x0000000100000000, 0x0000000100000000)
  eden space 479232K, 0% used [0x00000000d5580000,0x00000000d5580000,0x00000000f2980000)
  from space 53248K, 73% used [0x00000000f2980000,0x00000000f4fd1440,0x00000000f5d80000)
  to   space 57344K, 0% used [0x00000000fc800000,0x00000000fc800000,0x0000000100000000)
 ParOldGen       total 167424K, used 133120K [0x0000000080000000, 0x000000008a380000, 0x00000000d5580000)
  object space 167424K, 79% used [0x0000000080000000,0x00000000882000b8,0x000000008a380000)
 Metaspace       used 96749K, capacity 102170K, committed 102824K, reserved 1138688K
  class space    used 12347K, capacity 13291K, committed 13488K, reserved 1048576K
}
Event: 2275.507 GC heap before
{Heap before GC invocations=39 (full 5):
 PSYoungGen      total 532480K, used 518469K [0x00000000d5580000, 0x0000000100000000, 0x0000000100000000)
  eden space 479232K, 100% used [0x00000000d5580000,0x00000000f2980000,0x00000000f2980000)
  from space 53248K, 73% used [0x00000000f2980000,0x00000000f4fd1440,0x00000000f5d80000)
  to   space 57344K, 0% used [0x00000000fc800000,0x00000000fc800000,0x0000000100000000)
 ParOldGen       total 167424K, used 133120K [0x0000000080000000, 0x000000008a380000, 0x00000000d5580000)
  object space 167424K, 79% used [0x0000000080000000,0x00000000882000b8,0x000000008a380000)
 Metaspace       used 96789K, capacity 102186K, committed 102824K, reserved 1138688K
  class space    used 12348K, capacity 13293K, committed 13488K, reserved 1048576K
Event: 2278.795 GC heap after
Heap after GC invocations=39 (full 5):
 PSYoungGen      total 638464K, used 18177K [0x00000000d5580000, 0x00000000ffb80000, 0x0000000100000000)
  eden space 585728K, 0% used [0x00000000d5580000,0x00000000d5580000,0x00000000f9180000)
  from space 52736K, 34% used [0x00000000fc800000,0x00000000fd9c0450,0x00000000ffb80000)
  to   space 54272K, 0% used [0x00000000f9180000,0x00000000f9180000,0x00000000fc680000)
 ParOldGen       total 167424K, used 165890K [0x0000000080000000, 0x000000008a380000, 0x00000000d5580000)
  object space 167424K, 99% used [0x0000000080000000,0x000000008a2009a8,0x000000008a380000)
 Metaspace       used 96789K, capacity 102186K, committed 102824K, reserved 1138688K
  class space    used 12348K, capacity 13293K, committed 13488K, reserved 1048576K
}
Event: 2278.796 GC heap before
{Heap before GC invocations=40 (full 6):
 PSYoungGen      total 638464K, used 18177K [0x00000000d5580000, 0x00000000ffb80000, 0x0000000100000000)
  eden space 585728K, 0% used [0x00000000d5580000,0x00000000d5580000,0x00000000f9180000)
  from space 52736K, 34% used [0x00000000fc800000,0x00000000fd9c0450,0x00000000ffb80000)
  to   space 54272K, 0% used [0x00000000f9180000,0x00000000f9180000,0x00000000fc680000)
 ParOldGen       total 167424K, used 165890K [0x0000000080000000, 0x000000008a380000, 0x00000000d5580000)
  object space 167424K, 99% used [0x0000000080000000,0x000000008a2009a8,0x000000008a380000)
 Metaspace       used 96789K, capacity 102186K, committed 102824K, reserved 1138688K
  class space    used 12348K, capacity 13293K, committed 13488K, reserved 1048576K
Event: 2291.373 GC heap after
Heap after GC invocations=40 (full 6):
 PSYoungGen      total 638464K, used 0K [0x00000000d5580000, 0x00000000ffb80000, 0x0000000100000000)
  eden space 585728K, 0% used [0x00000000d5580000,0x00000000d5580000,0x00000000f9180000)
  from space 52736K, 0% used [0x00000000fc800000,0x00000000fc800000,0x00000000ffb80000)
  to   space 54272K, 0% used [0x00000000f9180000,0x00000000f9180000,0x00000000fc680000)
 ParOldGen       total 167424K, used 144003K [0x0000000080000000, 0x000000008a380000, 0x00000000d5580000)
  object space 167424K, 86% used [0x0000000080000000,0x0000000088ca0e48,0x000000008a380000)
 Metaspace       used 96776K, capacity 102152K, committed 102824K, reserved 1138688K
  class space    used 12344K, capacity 13286K, committed 13488K, reserved 1048576K
}

